build/intermediates/manifest_merge_blame_file/debug/manifest-merger-blame-debug-report.txt
1<?xml version="1.0" encoding="utf-8"?>
2<manifest xmlns:android="http://schemas.android.com/apk/res/android"
3    package="com.spotify"
4    android:versionCode="1"
5    android:versionName="1.0" >
6
7    <uses-sdk
8        android:minSdkVersion="21"
9        android:targetSdkVersion="29" />
10
11    <uses-permission android:name="android.permission.SYSTEM_ALERT_WINDOW" />
11-->src\debug\AndroidManifest.xml:5:5-77
11-->src\debug\AndroidManifest.xml:5:22-75
12    <uses-permission android:name="android.permission.INTERNET" />
12-->src\main\AndroidManifest.xml:4:5-67
12-->src\main\AndroidManifest.xml:4:22-64
13    <uses-permission android:name="android.permission.ACCESS_WIFI_STATE" />
13-->[com.facebook.flipper:flipper:0.54.0] AndroidManifest.xml:16:5-76
13-->[com.facebook.flipper:flipper:0.54.0] AndroidManifest.xml:16:22-73
14    <uses-permission android:name="android.permission.ACCESS_COARSE_LOCATION" /> <!-- Include required permissions for Google Maps API to run. -->
14-->[:react-native-maps] AndroidManifest.xml:10:5-81
14-->[:react-native-maps] AndroidManifest.xml:10:22-78
15    <uses-permission android:name="android.permission.ACCESS_NETWORK_STATE" />
15-->[com.google.android.gms:play-services-maps:17.0.0] AndroidManifest.xml:23:5-79
15-->[com.google.android.gms:play-services-maps:17.0.0] AndroidManifest.xml:23:22-76
16
17    <uses-feature
17-->[com.google.android.gms:play-services-maps:17.0.0] AndroidManifest.xml:26:5-28:35
18        android:glEsVersion="0x00020000"
18-->[com.google.android.gms:play-services-maps:17.0.0] AndroidManifest.xml:27:9-41
19        android:required="true" />
19-->[com.google.android.gms:play-services-maps:17.0.0] AndroidManifest.xml:28:9-32
20
21    <application
21-->src\main\AndroidManifest.xml:6:5-31:19
22        android:name="com.spotify.MainApplication"
22-->src\main\AndroidManifest.xml:7:7-38
23        android:allowBackup="false"
23-->src\main\AndroidManifest.xml:11:7-34
24        android:appComponentFactory="androidx.core.app.CoreComponentFactory"
24-->[androidx.core:core:1.3.0] AndroidManifest.xml:24:18-86
25        android:debuggable="true"
26        android:icon="@mipmap/ic_launcher"
26-->src\main\AndroidManifest.xml:9:7-41
27        android:label="@string/app_name"
27-->src\main\AndroidManifest.xml:8:7-39
28        android:roundIcon="@mipmap/ic_launcher_round"
28-->src\main\AndroidManifest.xml:10:7-52
29        android:testOnly="true"
30        android:theme="@style/AppTheme"
30-->src\main\AndroidManifest.xml:12:7-38
31        android:usesCleartextTraffic="true" >
31-->src\debug\AndroidManifest.xml:7:18-53
32        <meta-data
32-->src\main\AndroidManifest.xml:13:7-15:63
33            android:name="com.google.android.geo.API_KEY"
33-->src\main\AndroidManifest.xml:14:6-51
34            android:value="AIzaSyDQJ8ZFFwIIEUmMGeKcJ14tiPqweZKlhgk" /> <!-- You will also only need to add this uses-library tag -->
34-->src\main\AndroidManifest.xml:15:6-61
35        <uses-library
35-->src\main\AndroidManifest.xml:18:4-82
36            android:name="org.apache.http.legacy"
36-->src\main\AndroidManifest.xml:18:18-55
37            android:required="false" />
37-->src\main\AndroidManifest.xml:18:56-80
38
39        <activity
39-->src\main\AndroidManifest.xml:19:7-29:18
40            android:name="com.spotify.MainActivity"
40-->src\main\AndroidManifest.xml:20:9-37
41            android:configChanges="keyboard|keyboardHidden|orientation|screenSize|uiMode"
41-->src\main\AndroidManifest.xml:22:9-86
42            android:label="@string/app_name"
42-->src\main\AndroidManifest.xml:21:9-41
43            android:launchMode="singleTask"
43-->src\main\AndroidManifest.xml:23:9-40
44            android:windowSoftInputMode="adjustResize" >
44-->src\main\AndroidManifest.xml:24:9-51
45            <intent-filter>
45-->src\main\AndroidManifest.xml:25:9-28:25
46                <action android:name="android.intent.action.MAIN" />
46-->src\main\AndroidManifest.xml:26:13-65
46-->src\main\AndroidManifest.xml:26:21-62
47
48                <category android:name="android.intent.category.LAUNCHER" />
48-->src\main\AndroidManifest.xml:27:13-73
48-->src\main\AndroidManifest.xml:27:23-70
49            </intent-filter>
50        </activity>
51        <activity
51-->src\main\AndroidManifest.xml:30:7-84
52            android:name="com.facebook.react.devsupport.DevSettingsActivity"
52-->src\main\AndroidManifest.xml:30:17-81
53            android:exported="false" />
53-->[:react-native-navigation] AndroidManifest.xml:14:13-37
54
55        <provider
55-->[:react-native-webview] AndroidManifest.xml:12:9-20:20
56            android:name="com.reactnativecommunity.webview.RNCWebViewFileProvider"
56-->[:react-native-webview] AndroidManifest.xml:13:13-83
57            android:authorities="com.spotify.fileprovider"
57-->[:react-native-webview] AndroidManifest.xml:14:13-64
58            android:exported="false"
58-->[:react-native-webview] AndroidManifest.xml:15:13-37
59            android:grantUriPermissions="true" >
59-->[:react-native-webview] AndroidManifest.xml:16:13-47
60            <meta-data
60-->[:react-native-webview] AndroidManifest.xml:17:13-19:63
61                android:name="android.support.FILE_PROVIDER_PATHS"
61-->[:react-native-webview] AndroidManifest.xml:18:17-67
62                android:resource="@xml/file_provider_paths" />
62-->[:react-native-webview] AndroidManifest.xml:19:17-60
63        </provider>
64
65        <activity
65-->[com.google.android.gms:play-services-base:17.0.0] AndroidManifest.xml:23:9-26:75
66            android:name="com.google.android.gms.common.api.GoogleApiActivity"
66-->[com.google.android.gms:play-services-base:17.0.0] AndroidManifest.xml:24:13-79
67            android:exported="false"
67-->[com.google.android.gms:play-services-base:17.0.0] AndroidManifest.xml:25:13-37
68            android:theme="@android:style/Theme.Translucent.NoTitleBar" />
68-->[com.google.android.gms:play-services-base:17.0.0] AndroidManifest.xml:26:13-72
69
70        <meta-data
70-->[com.google.android.gms:play-services-basement:17.0.0] AndroidManifest.xml:23:9-25:69
71            android:name="com.google.android.gms.version"
71-->[com.google.android.gms:play-services-basement:17.0.0] AndroidManifest.xml:24:13-58
72            android:value="@integer/google_play_services_version" />
72-->[com.google.android.gms:play-services-basement:17.0.0] AndroidManifest.xml:25:13-66
73    </application>
74
75</manifest>